

Processing StartController#index (for 127.0.0.1 at 2009-06-09 00:34:10) [GET]

NameError (uninitialized constant StartController::Matrix):
  app/controllers/start_controller.rb:9:in `index'

Rendered rescues/_trace (38.9ms)
Rendered rescues/_request_and_response (1.6ms)
Rendering rescues/layout (internal_server_error)


Processing StartController#index (for 127.0.0.1 at 2009-06-09 00:34:24) [GET]
Rendering template within layouts/application
Rendering start/index
Completed in 19ms (View: 17, DB: 0) | 200 OK [http://localhost/]


Processing StartController#index (for 127.0.0.1 at 2009-06-09 00:34:44) [GET]
Rendering template within layouts/application
Rendering start/index
Completed in 81ms (View: 80, DB: 0) | 200 OK [http://localhost/]


Processing StartController#index (for 127.0.0.1 at 2009-06-09 00:35:10) [GET]
Rendering template within layouts/application
Rendering start/index
Completed in 6ms (View: 4, DB: 0) | 200 OK [http://localhost/]


Processing StartController#index (for 127.0.0.1 at 2009-06-09 10:17:34) [GET]
Rendering template within layouts/application
Rendering start/index
Completed in 36ms (View: 33, DB: 0) | 200 OK [http://localhost/]


Processing StartController#index (for 127.0.0.1 at 2009-06-09 10:20:34) [GET]
Rendering template within layouts/application
Rendering start/index
Completed in 168ms (View: 167, DB: 0) | 200 OK [http://localhost/]


Processing StartController#index (for 127.0.0.1 at 2009-06-09 10:20:51) [GET]
Rendering template within layouts/application
Rendering start/index
Completed in 10ms (View: 8, DB: 0) | 200 OK [http://localhost/]


Processing StartController#teste (for 127.0.0.1 at 2009-06-09 10:20:59) [POST]
  Parameters: {"matrix"=>[nil, nil, nil, nil, nil, nil, nil, nil, nil, nil, nil, nil, nil, nil, nil, nil, nil, nil, nil, nil, nil, nil, nil, nil, nil, nil, nil, nil, nil, nil, nil, nil, nil, nil, nil, nil, nil, nil, nil, nil, nil, nil, nil, nil, nil, nil, nil, nil, nil, nil, nil, nil, nil, nil, nil, nil, nil, nil, nil, nil, nil, nil, nil, nil], "commit"=>"Save changes", "authenticity_token"=>"A0RYsqznJcywz0Yvvj7xR6nVmBfTTjx9wb2fsw921oc="}
Completed in 3ms (View: 1, DB: 0) | 200 OK [http://localhost/start/teste]


Processing StartController#teste (for 127.0.0.1 at 2009-06-09 10:21:32) [POST]
  Parameters: {"matrix"=>[nil, nil, nil, nil, nil, nil, nil, nil, nil, nil, nil, nil, nil, nil, nil, nil, nil, nil, nil, nil, nil, nil, nil, nil, nil, nil, nil, nil, nil, nil, nil, nil, nil, nil, nil, nil, nil, nil, nil, nil, nil, nil, nil, nil, nil, nil, nil, nil, nil, nil, nil, nil, nil, nil, nil, nil, nil, nil, nil, nil, nil, nil, nil, nil], "commit"=>"Save changes", "authenticity_token"=>"A0RYsqznJcywz0Yvvj7xR6nVmBfTTjx9wb2fsw921oc="}
Completed in 6ms (View: 3, DB: 0) | 200 OK [http://localhost/start/teste]


Processing StartController#teste (for 127.0.0.1 at 2009-06-09 10:21:53) [POST]
  Parameters: {"matrix"=>[nil, nil, nil, nil, nil, nil, nil, nil, nil, nil, nil, nil, nil, nil, nil, nil, nil, nil, nil, nil, nil, nil, nil, nil, nil, nil, nil, nil, nil, nil, nil, nil, nil, nil, nil, nil, nil, nil, nil, nil, nil, nil, nil, nil, nil, nil, nil, nil, nil, nil, nil, nil, nil, nil, nil, nil, nil, nil, nil, nil, nil, nil, nil, nil], "commit"=>"Save changes", "authenticity_token"=>"A0RYsqznJcywz0Yvvj7xR6nVmBfTTjx9wb2fsw921oc="}
Completed in 6ms (View: 1, DB: 0) | 200 OK [http://localhost/start/teste]


Processing StartController#teste (for 127.0.0.1 at 2009-06-09 10:22:19) [POST]
  Parameters: {"matrix"=>[nil, nil, nil, nil, nil, nil, nil, nil, nil, nil, nil, nil, nil, nil, nil, nil, nil, nil, nil, nil, nil, nil, nil, nil, nil, nil, nil, nil, nil, nil, nil, nil, nil, nil, nil, nil, nil, nil, nil, nil, nil, nil, nil, nil, nil, nil, nil, nil, nil, nil, nil, nil, nil, nil, nil, nil, nil, nil, nil, nil, nil, nil, nil, nil], "commit"=>"Save changes", "authenticity_token"=>"A0RYsqznJcywz0Yvvj7xR6nVmBfTTjx9wb2fsw921oc="}
Completed in 3ms (View: 1, DB: 0) | 200 OK [http://localhost/start/teste]


Processing StartController#teste (for 127.0.0.1 at 2009-06-09 10:22:43) [POST]
  Parameters: {"matrix"=>[nil, nil, nil, nil, nil, nil, nil, nil, nil, nil, nil, nil, nil, nil, nil, nil, nil, nil, nil, nil, nil, nil, nil, nil, nil, nil, nil, nil, nil, nil, nil, nil, nil, nil, nil, nil, nil, nil, nil, nil, nil, nil, nil, nil, nil, nil, nil, nil, nil, nil, nil, nil, nil, nil, nil, nil, nil, nil, nil, nil, nil, nil, nil, nil], "commit"=>"Save changes", "authenticity_token"=>"A0RYsqznJcywz0Yvvj7xR6nVmBfTTjx9wb2fsw921oc="}
Completed in 3ms (View: 1, DB: 0) | 200 OK [http://localhost/start/teste]


Processing StartController#index (for 127.0.0.1 at 2009-06-09 10:24:34) [GET]
Rendering template within layouts/application
Rendering start/index
Completed in 15ms (View: 14, DB: 0) | 200 OK [http://localhost/]


Processing StartController#teste (for 127.0.0.1 at 2009-06-09 10:24:59) [POST]
  Parameters: {"matrix"=>[{"6"=>"1", "7"=>"1", "0"=>"1", "1"=>"1", "2"=>"1", "3"=>"1", "4"=>"1", "5"=>"1"}, {"6"=>"1", "7"=>"1", "0"=>"1", "1"=>"1", "2"=>"1", "3"=>"1", "4"=>"1", "5"=>"1"}, {"6"=>"1", "7"=>"1", "0"=>"1", "1"=>"1", "2"=>"1", "3"=>"1", "4"=>"1", "5"=>"1"}, {"6"=>"1", "7"=>"1", "0"=>"1", "1"=>"1", "2"=>"1", "3"=>"1", "4"=>"1", "5"=>"1"}, {"6"=>"1", "7"=>"1", "0"=>"1", "1"=>"1", "2"=>"1", "3"=>"1", "4"=>"1", "5"=>"1"}, {"6"=>"1", "7"=>"1", "0"=>"1", "1"=>"1", "2"=>"1", "3"=>"1", "4"=>"1", "5"=>"1"}, {"6"=>"1", "7"=>"1", "0"=>"1", "1"=>"1", "2"=>"1", "3"=>"1", "4"=>"1", "5"=>"1"}, {"6"=>"1", "7"=>"1", "0"=>"1", "1"=>"1", "2"=>"1", "3"=>"1", "4"=>"1", "5"=>"1"}], "commit"=>"Save changes", "authenticity_token"=>"A0RYsqznJcywz0Yvvj7xR6nVmBfTTjx9wb2fsw921oc="}
Redirected to http://localhost:3000/
Completed in 2ms (DB: 0) | 302 Found [http://localhost/start/teste]


Processing StartController#index (for 127.0.0.1 at 2009-06-09 10:24:59) [GET]
Rendering template within layouts/application
Rendering start/index
Completed in 11ms (View: 9, DB: 0) | 200 OK [http://localhost/]


Processing StartController#teste (for 127.0.0.1 at 2009-06-09 10:25:14) [POST]
  Parameters: {"matrix"=>[{"6"=>"1", "7"=>"1", "0"=>"1", "1"=>"1", "2"=>"1", "3"=>"1", "4"=>"1", "5"=>"1"}, {"6"=>"1", "7"=>"1", "0"=>"1", "1"=>"1", "2"=>"1", "3"=>"1", "4"=>"1", "5"=>"1"}, {"6"=>"1", "7"=>"1", "0"=>"1", "1"=>"1", "2"=>"1", "3"=>"1", "4"=>"1", "5"=>"1"}, {"6"=>"1", "7"=>"1", "0"=>"1", "1"=>"1", "2"=>"1", "3"=>"1", "4"=>"1", "5"=>"1"}, {"6"=>"1", "7"=>"1", "0"=>"1", "1"=>"1", "2"=>"1", "3"=>"1", "4"=>"1", "5"=>"1"}, {"6"=>"1", "7"=>"1", "0"=>"1", "1"=>"1", "2"=>"1", "3"=>"1", "4"=>"1", "5"=>"1"}, {"6"=>"1", "7"=>"1", "0"=>"1", "1"=>"1", "2"=>"1", "3"=>"1", "4"=>"1", "5"=>"1"}, {"6"=>"1", "7"=>"1", "0"=>"1", "1"=>"1", "2"=>"1", "3"=>"1", "4"=>"1", "5"=>"1"}], "commit"=>"Save changes", "authenticity_token"=>"A0RYsqznJcywz0Yvvj7xR6nVmBfTTjx9wb2fsw921oc="}
Redirected to http://localhost:3000/
Completed in 2ms (DB: 0) | 302 Found [http://localhost/start/teste]


Processing StartController#index (for 127.0.0.1 at 2009-06-09 10:25:14) [GET]
Rendering template within layouts/application
Rendering start/index
Completed in 10ms (View: 9, DB: 0) | 200 OK [http://localhost/]


Processing StartController#teste (for 127.0.0.1 at 2009-06-09 10:25:17) [POST]
  Parameters: {"matrix"=>[nil, nil, nil, nil, nil, nil, nil, nil, nil, nil, nil, nil, nil, nil, nil, nil, nil, nil, nil, nil, nil, nil, nil, nil, nil, nil, nil, nil, nil, nil, nil, nil, nil, nil, nil, nil, nil, nil, nil, nil, nil, nil, nil, nil, nil, nil, nil, nil, nil, nil, nil, nil, nil, nil, nil, nil, nil, nil, nil, nil, nil, nil, nil, nil], "commit"=>"Save changes", "authenticity_token"=>"A0RYsqznJcywz0Yvvj7xR6nVmBfTTjx9wb2fsw921oc="}
Redirected to http://localhost:3000/
Completed in 3ms (DB: 0) | 302 Found [http://localhost/start/teste]


Processing StartController#index (for 127.0.0.1 at 2009-06-09 10:25:17) [GET]
Rendering template within layouts/application
Rendering start/index
Completed in 7ms (View: 6, DB: 0) | 200 OK [http://localhost/]


Processing StartController#index (for 127.0.0.1 at 2009-06-09 10:25:28) [GET]
Rendering template within layouts/application
Rendering start/index
Completed in 10ms (View: 9, DB: 0) | 200 OK [http://localhost/]


Processing StartController#teste (for 127.0.0.1 at 2009-06-09 10:25:30) [POST]
  Parameters: {"matrix"=>{"6"=>["1", "1", "1", "1", "1", "1", "1", "1"], "7"=>["1", "1", "1", "1", "1", "1", "1", "1"], "0"=>["1", "1", "1", "1", "1", "1", "1", "1"], "1"=>["1", "1", "1", "1", "1", "1", "1", "1"], "2"=>["1", "1", "1", "1", "1", "1", "1", "1"], "3"=>["1", "1", "1", "1", "1", "1", "1", "1"], "4"=>["1", "1", "1", "1", "1", "1", "1", "1"], "5"=>["1", "1", "1", "1", "1", "1", "1", "1"]}, "commit"=>"Save changes", "authenticity_token"=>"A0RYsqznJcywz0Yvvj7xR6nVmBfTTjx9wb2fsw921oc="}
Redirected to http://localhost:3000/
Completed in 3ms (DB: 0) | 302 Found [http://localhost/start/teste]


Processing StartController#index (for 127.0.0.1 at 2009-06-09 10:25:30) [GET]
Rendering template within layouts/application
Rendering start/index
Completed in 7ms (View: 5, DB: 0) | 200 OK [http://localhost/]


Processing StartController#index (for 127.0.0.1 at 2009-06-09 10:25:57) [GET]
Rendering template within layouts/application
Rendering start/index
Completed in 10ms (View: 9, DB: 0) | 200 OK [http://localhost/]


Processing StartController#teste (for 127.0.0.1 at 2009-06-09 10:25:59) [POST]
  Parameters: {"matrix"=>{"6"=>["0", "1", "2", "3", "4", "5", "6", "7"], "7"=>["0", "1", "2", "3", "4", "5", "6", "7"], "0"=>["0", "1", "2", "3", "4", "5", "6", "7"], "1"=>["0", "1", "2", "3", "4", "5", "6", "7"], "2"=>["0", "1", "2", "3", "4", "5", "6", "7"], "3"=>["0", "1", "2", "3", "4", "5", "6", "7"], "4"=>["0", "1", "2", "3", "4", "5", "6", "7"], "5"=>["0", "1", "2", "3", "4", "5", "6", "7"]}, "commit"=>"Save changes", "authenticity_token"=>"A0RYsqznJcywz0Yvvj7xR6nVmBfTTjx9wb2fsw921oc="}
Redirected to http://localhost:3000/
Completed in 2ms (DB: 0) | 302 Found [http://localhost/start/teste]


Processing StartController#index (for 127.0.0.1 at 2009-06-09 10:25:59) [GET]
Rendering template within layouts/application
Rendering start/index
Completed in 7ms (View: 5, DB: 0) | 200 OK [http://localhost/]


Processing StartController#index (for 127.0.0.1 at 2009-06-09 10:26:50) [GET]
Rendering template within layouts/application
Rendering start/index
Completed in 11ms (View: 9, DB: 0) | 200 OK [http://localhost/]


Processing StartController#teste (for 127.0.0.1 at 2009-06-09 10:26:51) [POST]
  Parameters: {"matrix"=>{"6"=>["0", "0", "0", "0", "0", "0", "0", "0"], "7"=>["0", "0", "0", "0", "0", "0", "0", "0"], "0"=>["0", "0", "0", "0", "0", "0", "0", "0"], "1"=>["0", "0", "0", "0", "0", "0", "0", "0"], "2"=>["0", "0", "0", "0", "0", "0", "0", "0"], "3"=>["0", "0", "0", "0", "0", "0", "0", "0"], "4"=>["0", "0", "0", "0", "0", "0", "0", "0"], "5"=>["0", "0", "0", "0", "0", "0", "0", "0"]}, "commit"=>"Save changes", "authenticity_token"=>"A0RYsqznJcywz0Yvvj7xR6nVmBfTTjx9wb2fsw921oc="}
Redirected to http://localhost:3000/
Completed in 2ms (DB: 0) | 302 Found [http://localhost/start/teste]


Processing StartController#index (for 127.0.0.1 at 2009-06-09 10:26:51) [GET]
Rendering template within layouts/application
Rendering start/index
Completed in 7ms (View: 6, DB: 0) | 200 OK [http://localhost/]


Processing StartController#index (for 127.0.0.1 at 2009-06-09 11:01:25) [GET]
Rendering template within layouts/application
Rendering start/index
Completed in 218ms (View: 216, DB: 0) | 200 OK [http://localhost/]


Processing StartController#teste (for 127.0.0.1 at 2009-06-09 11:01:26) [POST]
  Parameters: {"matrix"=>{"6"=>["0", "1", "2", "3", "4", "5", "6", "7"], "7"=>["0", "1", "2", "3", "4", "5", "6", "7"], "0"=>["0", "1", "2", "3", "4", "5", "6", "7"], "1"=>["0", "1", "2", "3", "4", "5", "6", "7"], "2"=>["0", "1", "2", "3", "4", "5", "6", "7"], "3"=>["0", "1", "2", "3", "4", "5", "6", "7"], "4"=>["0", "1", "2", "3", "4", "5", "6", "7"], "5"=>["0", "1", "2", "3", "4", "5", "6", "7"]}, "commit"=>"Save changes", "authenticity_token"=>"JfjzAmADu0GiyYsPEYD/gIovBQPaZKZTYsio27bn/hU="}
Redirected to http://localhost:3000/
Completed in 3ms (DB: 0) | 302 Found [http://localhost/start/teste]


Processing StartController#index (for 127.0.0.1 at 2009-06-09 11:01:26) [GET]
Rendering template within layouts/application
Rendering start/index
Completed in 8ms (View: 6, DB: 0) | 200 OK [http://localhost/]


Processing StartController#index (for 127.0.0.1 at 2009-06-09 11:01:45) [GET]
Rendering template within layouts/application
Rendering start/index
Completed in 10ms (View: 9, DB: 0) | 200 OK [http://localhost/]


Processing StartController#teste (for 127.0.0.1 at 2009-06-09 11:01:47) [POST]
  Parameters: {"matrix"=>{"6"=>["1", "1", "0", "1", "1", "1", "1", "1"], "7"=>["0", "1", "0", "0", "1", "1", "1", "0"], "0"=>["0", "0", "1", "1", "1", "1", "1", "1"], "1"=>["0", "0", "0", "1", "1", "0", "1", "1"], "2"=>["0", "0", "0", "0", "1", "0", "1", "0"], "3"=>["0", "1", "0", "1", "0", "0", "1", "0"], "4"=>["0", "1", "1", "1", "0", "0", "0", "0"], "5"=>["0", "1", "0", "1", "1", "0", "0", "1"]}, "commit"=>"Save changes", "authenticity_token"=>"JfjzAmADu0GiyYsPEYD/gIovBQPaZKZTYsio27bn/hU="}
Redirected to http://localhost:3000/
Completed in 2ms (DB: 0) | 302 Found [http://localhost/start/teste]


Processing StartController#index (for 127.0.0.1 at 2009-06-09 11:01:47) [GET]
Rendering template within layouts/application
Rendering start/index
Completed in 7ms (View: 5, DB: 0) | 200 OK [http://localhost/]


Processing StartController#index (for 127.0.0.1 at 2009-06-09 11:02:02) [GET]
Rendering template within layouts/application
Rendering start/index
Completed in 7ms (View: 6, DB: 0) | 200 OK [http://localhost/]


Processing StartController#teste (for 127.0.0.1 at 2009-06-09 11:02:03) [POST]
  Parameters: {"matrix"=>{"6"=>["1", "2", "0", "2", "0", "2", "2", "0"], "7"=>["1", "1", "2", "0", "0", "2", "0", "0"], "0"=>["1", "1", "0", "2", "0", "1", "2", "0"], "1"=>["1", "2", "0", "0", "2", "2", "0", "0"], "2"=>["1", "2", "2", "0", "1", "1", "1", "0"], "3"=>["2", "2", "0", "2", "0", "2", "0", "0"], "4"=>["2", "1", "2", "1", "0", "2", "0", "2"], "5"=>["0", "2", "1", "2", "1", "2", "1", "2"]}, "commit"=>"Save changes", "authenticity_token"=>"JfjzAmADu0GiyYsPEYD/gIovBQPaZKZTYsio27bn/hU="}
Redirected to http://localhost:3000/
Completed in 2ms (DB: 0) | 302 Found [http://localhost/start/teste]


Processing StartController#index (for 127.0.0.1 at 2009-06-09 11:02:03) [GET]
Rendering template within layouts/application
Rendering start/index
Completed in 7ms (View: 5, DB: 0) | 200 OK [http://localhost/]


Processing StartController#index (for 127.0.0.1 at 2009-06-09 11:02:54) [GET]
Rendering template within layouts/application
Rendering start/index
Completed in 12ms (View: 10, DB: 0) | 200 OK [http://localhost/]


Processing StartController#index (for 127.0.0.1 at 2009-06-09 11:02:56) [POST]
  Parameters: {"matrix"=>{"6"=>["0", "0", "1", "2", "1", "1", "2", "1"], "7"=>["1", "2", "0", "1", "1", "1", "0", "0"], "0"=>["0", "0", "1", "1", "2", "1", "0", "2"], "1"=>["2", "2", "1", "1", "1", "2", "1", "1"], "2"=>["2", "2", "0", "0", "2", "2", "2", "1"], "3"=>["2", "1", "1", "2", "2", "0", "1", "0"], "4"=>["2", "1", "1", "2", "0", "2", "0", "0"], "5"=>["2", "1", "0", "2", "0", "0", "1", "2"]}, "commit"=>"Save changes", "authenticity_token"=>"JfjzAmADu0GiyYsPEYD/gIovBQPaZKZTYsio27bn/hU="}
Rendering template within layouts/application
Rendering start/index
Completed in 7ms (View: 5, DB: 0) | 200 OK [http://localhost/]


Processing StartController#index (for 127.0.0.1 at 2009-06-09 11:02:56) [POST]
  Parameters: {"matrix"=>{"6"=>["1", "2", "2", "0", "2", "1", "2", "1"], "7"=>["1", "1", "0", "2", "2", "1", "2", "1"], "0"=>["1", "0", "0", "0", "0", "1", "2", "1"], "1"=>["0", "0", "0", "1", "1", "0", "1", "2"], "2"=>["1", "1", "0", "2", "1", "0", "1", "0"], "3"=>["0", "2", "0", "0", "2", "0", "1", "1"], "4"=>["0", "2", "0", "0", "1", "2", "1", "1"], "5"=>["2", "0", "1", "1", "2", "2", "2", "1"]}, "commit"=>"Save changes", "authenticity_token"=>"JfjzAmADu0GiyYsPEYD/gIovBQPaZKZTYsio27bn/hU="}
Rendering template within layouts/application
Rendering start/index
Completed in 7ms (View: 5, DB: 0) | 200 OK [http://localhost/]


Processing StartController#index (for 127.0.0.1 at 2009-06-09 11:05:26) [GET]
Rendering template within layouts/application
Rendering start/index
Completed in 8ms (View: 6, DB: 0) | 200 OK [http://localhost/]


Processing StartController#index (for 127.0.0.1 at 2009-06-09 11:05:32) [POST]
  Parameters: {"matrix"=>{"6"=>["1", "0", "2", "0", "1", "0", "1", "2"], "7"=>["0", "0", "2", "0", "1", "1", "0", "2"], "0"=>["2", "0", "1", "1", "2", "2", "2", "1"], "1"=>["0", "2", "2", "1", "1", "1", "0", "2"], "2"=>["0", "1", "1", "2", "1", "2", "2", "1"], "3"=>["0", "2", "0", "0", "2", "1", "2", "1"], "4"=>["2", "1", "0", "1", "1", "1", "2", "1"], "5"=>["0", "1", "0", "2", "0", "1", "0", "0"]}, "commit"=>"Save changes", "authenticity_token"=>"JfjzAmADu0GiyYsPEYD/gIovBQPaZKZTYsio27bn/hU="}
Rendering template within layouts/application
Rendering start/index
Completed in 8ms (View: 5, DB: 0) | 200 OK [http://localhost/]


Processing StartController#index (for 127.0.0.1 at 2009-06-09 11:08:06) [GET]
Rendering template within layouts/application
Rendering start/index

ActionView::TemplateError (wrong number of arguments (1 for 2)) on line #5 of app/views/layouts/application.html.erb:
2: <html xml:lang='pt-br' xmlns='http://www.w3.org/1999/xhtml'>
3:   <head>
4:     <title>IA</title>
5:     <%=stylesheet_tag :application %>
6: <body>
7: <%= yield %>
8: </body></html>

    app/views/layouts/application.html.erb:5:in `stylesheet_tag'
    app/views/layouts/application.html.erb:5

Rendered rescues/_trace (115.7ms)
Rendered rescues/_request_and_response (1.6ms)
Rendering rescues/layout (internal_server_error)


Processing StartController#index (for 127.0.0.1 at 2009-06-09 11:08:47) [GET]
Rendering template within layouts/application
Rendering start/index

ActionView::TemplateError (No expansion found for :application) on line #5 of app/views/layouts/application.html.erb:
2: <html xml:lang='pt-br' xmlns='http://www.w3.org/1999/xhtml'>
3:   <head>
4:     <title>IA</title>
5:     <%=stylesheet_link_tag :application %>
6: <body>
7: <%= yield %>
8: </body></html>

    app/views/layouts/application.html.erb:5

Rendered rescues/_trace (46.2ms)
Rendered rescues/_request_and_response (0.3ms)
Rendering rescues/layout (internal_server_error)


Processing StartController#index (for 127.0.0.1 at 2009-06-09 11:09:13) [GET]
Rendering template within layouts/application
Rendering start/index
Completed in 10ms (View: 8, DB: 0) | 200 OK [http://localhost/]


Processing StartController#index (for 127.0.0.1 at 2009-06-09 11:10:16) [GET]
Rendering template within layouts/application
Rendering start/index
Completed in 10ms (View: 9, DB: 0) | 200 OK [http://localhost/]


Processing StartController#index (for 127.0.0.1 at 2009-06-09 11:10:17) [GET]
Rendering template within layouts/application
Rendering start/index
Completed in 7ms (View: 5, DB: 0) | 200 OK [http://localhost/]


Processing StartController#index (for 127.0.0.1 at 2009-06-09 11:10:30) [GET]
Rendering template within layouts/application
Rendering start/index
Completed in 7ms (View: 6, DB: 0) | 200 OK [http://localhost/]


Processing StartController#index (for 127.0.0.1 at 2009-06-09 11:12:30) [GET]
Rendering template within layouts/application
Rendering start/index
Completed in 11ms (View: 9, DB: 0) | 200 OK [http://localhost/]


Processing StartController#index (for 127.0.0.1 at 2009-06-09 11:12:47) [GET]
Rendering template within layouts/application
Rendering start/index
Completed in 8ms (View: 6, DB: 0) | 200 OK [http://localhost/]


Processing StartController#index (for 127.0.0.1 at 2009-06-09 11:12:48) [GET]
Rendering template within layouts/application
Rendering start/index
Completed in 7ms (View: 6, DB: 0) | 200 OK [http://localhost/]


Processing StartController#index (for 127.0.0.1 at 2009-06-09 11:13:08) [GET]
Rendering template within layouts/application
Rendering start/index
Completed in 8ms (View: 6, DB: 0) | 200 OK [http://localhost/]


Processing StartController#index (for 127.0.0.1 at 2009-06-09 11:13:19) [GET]
Rendering template within layouts/application
Rendering start/index
Completed in 8ms (View: 6, DB: 0) | 200 OK [http://localhost/]


Processing StartController#index (for 127.0.0.1 at 2009-06-09 11:13:20) [GET]
Rendering template within layouts/application
Rendering start/index
Completed in 7ms (View: 5, DB: 0) | 200 OK [http://localhost/]


Processing StartController#index (for 127.0.0.1 at 2009-06-09 11:13:51) [GET]
Rendering template within layouts/application
Rendering start/index
Completed in 8ms (View: 6, DB: 0) | 200 OK [http://localhost/]


Processing StartController#index (for 127.0.0.1 at 2009-06-09 11:14:09) [GET]
Rendering template within layouts/application
Rendering start/index
Completed in 8ms (View: 6, DB: 0) | 200 OK [http://localhost/]


Processing StartController#index (for 127.0.0.1 at 2009-06-09 11:14:10) [GET]
Rendering template within layouts/application
Rendering start/index
Completed in 8ms (View: 6, DB: 0) | 200 OK [http://localhost/]


Processing StartController#index (for 127.0.0.1 at 2009-06-09 11:14:54) [GET]
Rendering template within layouts/application
Rendering start/index
Completed in 7ms (View: 6, DB: 0) | 200 OK [http://localhost/]


Processing StartController#index (for 127.0.0.1 at 2009-06-09 11:15:04) [GET]
Rendering template within layouts/application
Rendering start/index
Completed in 8ms (View: 7, DB: 0) | 200 OK [http://localhost/]


Processing StartController#index (for 127.0.0.1 at 2009-06-09 11:16:38) [GET]
Rendering template within layouts/application
Rendering start/index
Completed in 8ms (View: 6, DB: 0) | 200 OK [http://localhost/]


Processing StartController#index (for 127.0.0.1 at 2009-06-09 11:16:59) [GET]
Rendering template within layouts/application
Rendering start/index
Completed in 8ms (View: 6, DB: 0) | 200 OK [http://localhost/]


Processing StartController#index (for 127.0.0.1 at 2009-06-09 11:17:58) [GET]
Rendering template within layouts/application
Rendering start/index
Completed in 7ms (View: 6, DB: 0) | 200 OK [http://localhost/]


Processing StartController#index (for 127.0.0.1 at 2009-06-09 11:18:02) [GET]
Rendering template within layouts/application
Rendering start/index
Completed in 7ms (View: 6, DB: 0) | 200 OK [http://localhost/]


Processing StartController#index (for 127.0.0.1 at 2009-06-09 11:18:18) [GET]
Rendering template within layouts/application
Rendering start/index
Completed in 8ms (View: 6, DB: 0) | 200 OK [http://localhost/]


Processing StartController#index (for 127.0.0.1 at 2009-06-09 11:18:40) [GET]
Rendering template within layouts/application
Rendering start/index
Completed in 8ms (View: 6, DB: 0) | 200 OK [http://localhost/]


Processing StartController#index (for 127.0.0.1 at 2009-06-09 11:19:19) [POST]
  Parameters: {"matrix"=>{"6"=>["0", "0", "0", "0", "0", "0", "0", "0"], "7"=>["0", "0", "0", "0", "0", "0", "0", "0"], "0"=>["0", "0", "0", "0", "0", "0", "0", "0"], "1"=>["0", "0", "0", "0", "0", "0", "0", "0"], "2"=>["0", "0", "0", "0", "0", "0", "0", "0"], "3"=>["0", "0", "0", "0", "0", "0", "0", "0"], "4"=>["0", "0", "0", "0", "0", "0", "0", "0"], "5"=>["0", "0", "0", "0", "0", "0", "0", "0"]}, "commit"=>"Save changes", "authenticity_token"=>"JfjzAmADu0GiyYsPEYD/gIovBQPaZKZTYsio27bn/hU="}
Rendering template within layouts/application
Rendering start/index
Completed in 7ms (View: 6, DB: 0) | 200 OK [http://localhost/]


Processing StartController#index (for 127.0.0.1 at 2009-06-09 11:21:20) [POST]
  Parameters: {"matrix"=>{"6"=>["0", "0", "0", "0", "0", "0", "0", "0"], "7"=>["0", "0", "0", "0", "0", "0", "0", "0"], "0"=>["0", "0", "0", "0", "0", "0", "0", "0"], "1"=>["0", "0", "0", "0", "0", "0", "0", "0"], "2"=>["0", "0", "0", "0", "0", "0", "0", "0"], "3"=>["0", "0", "0", "0", "0", "0", "0", "0"], "4"=>["0", "0", "0", "0", "0", "0", "0", "0"], "5"=>["0", "0", "0", "0", "0", "0", "0", "0"]}, "commit"=>"Save changes", "authenticity_token"=>"JfjzAmADu0GiyYsPEYD/gIovBQPaZKZTYsio27bn/hU="}
Rendering template within layouts/application
Rendering start/index
Completed in 9ms (View: 7, DB: 0) | 200 OK [http://localhost/]


Processing StartController#index (for 127.0.0.1 at 2009-06-09 11:21:22) [GET]
Rendering template within layouts/application
Rendering start/index
Completed in 8ms (View: 6, DB: 0) | 200 OK [http://localhost/]


Processing StartController#index (for 127.0.0.1 at 2009-06-09 11:21:53) [GET]
Rendering template within layouts/application
Rendering start/index
Completed in 8ms (View: 6, DB: 0) | 200 OK [http://localhost/]


Processing StartController#index (for 127.0.0.1 at 2009-06-09 11:22:29) [GET]
Rendering template within layouts/application
Rendering start/index
Completed in 7ms (View: 5, DB: 0) | 200 OK [http://localhost/]


Processing StartController#index (for 127.0.0.1 at 2009-06-09 11:23:29) [GET]
Rendering template within layouts/application
Rendering start/index
Completed in 8ms (View: 6, DB: 0) | 200 OK [http://localhost/]


Processing StartController#index (for 127.0.0.1 at 2009-06-09 11:23:43) [GET]
Rendering template within layouts/application
Rendering start/index
Completed in 11ms (View: 10, DB: 0) | 200 OK [http://localhost/]


Processing StartController#index (for 127.0.0.1 at 2009-06-09 11:30:29) [GET]
Rendering template within layouts/application
Rendering start/index
Completed in 16ms (View: 14, DB: 0) | 200 OK [http://localhost/]


Processing StartController#index (for 127.0.0.1 at 2009-06-09 11:33:25) [GET]
Rendering template within layouts/application
Rendering start/index
Completed in 142ms (View: 140, DB: 0) | 200 OK [http://localhost/]


Processing StartController#index (for 127.0.0.1 at 2009-06-09 11:33:26) [GET]
Rendering template within layouts/application
Rendering start/index
Completed in 8ms (View: 6, DB: 0) | 200 OK [http://localhost/]


Processing StartController#index (for 127.0.0.1 at 2009-06-09 11:34:43) [GET]
Rendering template within layouts/application
Rendering start/index
Completed in 7ms (View: 6, DB: 0) | 200 OK [http://localhost/]


Processing StartController#index (for 127.0.0.1 at 2009-06-09 11:34:43) [GET]
Rendering template within layouts/application
Rendering start/index
Completed in 11ms (View: 9, DB: 0) | 200 OK [http://localhost/]


Processing StartController#index (for 127.0.0.1 at 2009-06-09 11:34:47) [GET]
Rendering template within layouts/application
Rendering start/index
Completed in 11ms (View: 6, DB: 0) | 200 OK [http://localhost/]


Processing StartController#index (for 127.0.0.1 at 2009-06-09 11:34:48) [GET]
Rendering template within layouts/application
Rendering start/index
Completed in 11ms (View: 9, DB: 0) | 200 OK [http://localhost/]


Processing StartController#index (for 127.0.0.1 at 2009-06-09 11:35:06) [GET]
Rendering template within layouts/application
Rendering start/index
Completed in 8ms (View: 7, DB: 0) | 200 OK [http://localhost/]


Processing StartController#index (for 127.0.0.1 at 2009-06-09 11:35:06) [GET]
Rendering template within layouts/application
Rendering start/index
Completed in 11ms (View: 7, DB: 0) | 200 OK [http://localhost/]


Processing StartController#index (for 127.0.0.1 at 2009-06-09 11:36:07) [GET]
Rendering template within layouts/application
Rendering start/index
Completed in 8ms (View: 6, DB: 0) | 200 OK [http://localhost/]


Processing StartController#index (for 127.0.0.1 at 2009-06-09 11:36:08) [GET]
Rendering template within layouts/application
Rendering start/index
Completed in 8ms (View: 6, DB: 0) | 200 OK [http://localhost/]


Processing StartController#index (for 127.0.0.1 at 2009-06-09 11:36:14) [POST]
  Parameters: {"matrix"=>{"6"=>["0", "0", "0", "0", "0", "0", "0", "0"], "7"=>["0", "0", "0", "0", "0", "0", "0", "0"], "0"=>["1", "0", "0", "0", "0", "0", "0", "0"], "1"=>["0", "0", "0", "0", "0", "0", "0", "0"], "2"=>["0", "0", "0", "0", "0", "0", "0", "0"], "3"=>["0", "0", "0", "0", "0", "0", "0", "0"], "4"=>["0", "0", "0", "0", "0", "0", "0", "0"], "5"=>["0", "0", "0", "0", "0", "0", "0", "0"]}, "commit"=>"Save changes", "authenticity_token"=>"dDCIyOmNug4jznJlCcxpKfJQs8b8mGOtptq0p44Vjbk="}
Rendering template within layouts/application
Rendering start/index
Completed in 9ms (View: 6, DB: 0) | 200 OK [http://localhost/]


Processing StartController#index (for 127.0.0.1 at 2009-06-09 11:36:14) [GET]
Rendering template within layouts/application
Rendering start/index
Completed in 8ms (View: 6, DB: 0) | 200 OK [http://localhost/]


Processing StartController#index (for 127.0.0.1 at 2009-06-09 11:36:38) [POST]
  Parameters: {"matrix"=>{"6"=>["0", "0", "0", "0", "0", "0", "0", "0"], "7"=>["0", "0", "0", "0", "0", "0", "0", "0"], "0"=>["1", "0", "0", "0", "0", "0", "0", "0"], "1"=>["0", "0", "0", "0", "0", "0", "0", "0"], "2"=>["0", "0", "0", "0", "0", "0", "0", "0"], "3"=>["0", "0", "1", "0", "0", "0", "1", "1"], "4"=>["1", "1", "1", "0", "0", "0", "0", "0"], "5"=>["1", "1", "1", "1", "0", "0", "0", "0"]}, "commit"=>"Save changes", "authenticity_token"=>"dDCIyOmNug4jznJlCcxpKfJQs8b8mGOtptq0p44Vjbk="}
Rendering template within layouts/application
Rendering start/index
Completed in 8ms (View: 6, DB: 0) | 200 OK [http://localhost/]


Processing StartController#index (for 127.0.0.1 at 2009-06-09 11:36:38) [GET]
Rendering template within layouts/application
Rendering start/index
Completed in 8ms (View: 6, DB: 0) | 200 OK [http://localhost/]


Processing StartController#index (for 127.0.0.1 at 2009-06-09 11:38:02) [GET]
Rendering template within layouts/application
Rendering start/index
Completed in 9ms (View: 7, DB: 0) | 200 OK [http://localhost/]


Processing StartController#index (for 127.0.0.1 at 2009-06-09 11:38:02) [GET]
Rendering template within layouts/application
Rendering start/index
Completed in 9ms (View: 7, DB: 0) | 200 OK [http://localhost/]


Processing StartController#index (for 127.0.0.1 at 2009-06-09 11:39:34) [GET]
Rendering template within layouts/application
Rendering start/index
Completed in 8ms (View: 7, DB: 0) | 200 OK [http://localhost/]


Processing StartController#index (for 127.0.0.1 at 2009-06-09 11:39:35) [GET]
Rendering template within layouts/application
Rendering start/index
Completed in 11ms (View: 9, DB: 0) | 200 OK [http://localhost/]


Processing StartController#index (for 127.0.0.1 at 2009-06-09 11:39:36) [GET]
Rendering template within layouts/application
Rendering start/index
Completed in 7ms (View: 6, DB: 0) | 200 OK [http://localhost/]


Processing StartController#index (for 127.0.0.1 at 2009-06-09 11:39:37) [GET]
Rendering template within layouts/application
Rendering start/index
Completed in 18ms (View: 16, DB: 0) | 200 OK [http://localhost/]


Processing StartController#index (for 127.0.0.1 at 2009-06-09 11:40:01) [GET]
Rendering template within layouts/application
Rendering start/index
Completed in 7ms (View: 6, DB: 0) | 200 OK [http://localhost/]


Processing StartController#index (for 127.0.0.1 at 2009-06-09 11:40:02) [GET]
Rendering template within layouts/application
Rendering start/index
Completed in 12ms (View: 9, DB: 0) | 200 OK [http://localhost/]


Processing StartController#index (for 127.0.0.1 at 2009-06-09 11:40:15) [GET]
Rendering template within layouts/application
Rendering start/index
Completed in 9ms (View: 7, DB: 0) | 200 OK [http://localhost/]


Processing StartController#index (for 127.0.0.1 at 2009-06-09 11:40:16) [GET]
Rendering template within layouts/application
Rendering start/index
Completed in 9ms (View: 8, DB: 0) | 200 OK [http://localhost/]


Processing StartController#index (for 127.0.0.1 at 2009-06-09 11:40:23) [GET]
Rendering template within layouts/application
Rendering start/index
Completed in 8ms (View: 6, DB: 0) | 200 OK [http://localhost/]


Processing StartController#index (for 127.0.0.1 at 2009-06-09 11:40:24) [GET]
Rendering template within layouts/application
Rendering start/index
Completed in 12ms (View: 10, DB: 0) | 200 OK [http://localhost/]


Processing StartController#index (for 127.0.0.1 at 2009-06-09 11:40:34) [GET]
Rendering template within layouts/application
Rendering start/index
Completed in 10ms (View: 7, DB: 0) | 200 OK [http://localhost/]


Processing StartController#index (for 127.0.0.1 at 2009-06-09 11:40:34) [GET]
Rendering template within layouts/application
Rendering start/index
Completed in 11ms (View: 9, DB: 0) | 200 OK [http://localhost/]


Processing StartController#index (for 127.0.0.1 at 2009-06-09 11:40:53) [GET]
Rendering template within layouts/application
Rendering start/index
Completed in 9ms (View: 7, DB: 0) | 200 OK [http://localhost/]


Processing StartController#index (for 127.0.0.1 at 2009-06-09 11:40:53) [GET]
Rendering template within layouts/application
Rendering start/index
Completed in 11ms (View: 7, DB: 0) | 200 OK [http://localhost/]


Processing StartController#index (for 127.0.0.1 at 2009-06-09 11:41:02) [POST]
  Parameters: {"matrix"=>{"6"=>["0", "0", "0", "0", "0", "0", "0", "0"], "7"=>["0", "0", "0", "0", "0", "0", "0", "0"], "0"=>["0", "0", "0", "0", "0", "1", "1", "1"], "1"=>["0", "0", "0", "0", "0", "1", "1", "1"], "2"=>["0", "0", "0", "0", "0", "0", "1", "1"], "3"=>["0", "0", "0", "0", "0", "0", "1", "1"], "4"=>["0", "0", "0", "0", "0", "0", "0", "0"], "5"=>["0", "0", "0", "0", "0", "0", "0", "0"]}, "commit"=>"Save changes", "authenticity_token"=>"dDCIyOmNug4jznJlCcxpKfJQs8b8mGOtptq0p44Vjbk="}
Rendering template within layouts/application
Rendering start/index
Completed in 8ms (View: 6, DB: 0) | 200 OK [http://localhost/]


Processing StartController#index (for 127.0.0.1 at 2009-06-09 11:41:03) [GET]
Rendering template within layouts/application
Rendering start/index
Completed in 15ms (View: 6, DB: 0) | 200 OK [http://localhost/]


Processing StartController#index (for 127.0.0.1 at 2009-06-09 11:41:24) [POST]
  Parameters: {"matrix"=>{"6"=>["0", "0", "0", "0", "0", "0", "0", "0"], "7"=>["0", "0", "0", "0", "0", "0", "0", "0"], "0"=>["0", "0", "0", "0", "0", "1", "1", "1"], "1"=>["0", "0", "0", "0", "0", "1", "1", "1"], "2"=>["0", "0", "0", "0", "0", "0", "1", "1"], "3"=>["0", "0", "0", "0", "0", "0", "1", "1"], "4"=>["0", "0", "0", "0", "0", "0", "0", "0"], "5"=>["0", "0", "0", "0", "0", "0", "0", "0"]}, "commit"=>"Save changes", "authenticity_token"=>"dDCIyOmNug4jznJlCcxpKfJQs8b8mGOtptq0p44Vjbk="}
Rendering template within layouts/application
Rendering start/index
Completed in 8ms (View: 6, DB: 0) | 200 OK [http://localhost/]


Processing StartController#index (for 127.0.0.1 at 2009-06-09 11:41:24) [GET]
Rendering template within layouts/application
Rendering start/index
Completed in 9ms (View: 7, DB: 0) | 200 OK [http://localhost/]


Processing StartController#index (for 127.0.0.1 at 2009-06-09 11:41:44) [POST]
  Parameters: {"matrix"=>{"6"=>["0", "0", "0", "0", "0", "0", "0", "0"], "7"=>["0", "0", "0", "0", "0", "0", "0", "0"], "0"=>["0", "0", "0", "0", "0", "1", "1", "1"], "1"=>["0", "0", "0", "0", "0", "1", "1", "1"], "2"=>["0", "0", "0", "0", "0", "0", "1", "1"], "3"=>["0", "0", "0", "0", "0", "0", "1", "1"], "4"=>["0", "0", "0", "0", "0", "0", "0", "0"], "5"=>["0", "0", "0", "0", "0", "0", "0", "0"]}, "commit"=>"Save changes", "authenticity_token"=>"dDCIyOmNug4jznJlCcxpKfJQs8b8mGOtptq0p44Vjbk="}
Rendering template within layouts/application
Rendering start/index
Completed in 8ms (View: 6, DB: 0) | 200 OK [http://localhost/]


Processing StartController#index (for 127.0.0.1 at 2009-06-09 11:41:45) [GET]
Rendering template within layouts/application
Rendering start/index
Completed in 11ms (View: 9, DB: 0) | 200 OK [http://localhost/]


Processing StartController#index (for 127.0.0.1 at 2009-06-09 11:42:02) [POST]
  Parameters: {"matrix"=>{"6"=>["0", "0", "0", "0", "0", "0", "0", "0"], "7"=>["0", "0", "0", "0", "0", "0", "0", "0"], "0"=>["0", "0", "0", "0", "0", "1", "1", "1"], "1"=>["0", "0", "0", "0", "0", "1", "1", "1"], "2"=>["0", "0", "0", "0", "0", "0", "1", "1"], "3"=>["0", "0", "0", "0", "0", "0", "1", "1"], "4"=>["0", "0", "0", "0", "0", "0", "0", "0"], "5"=>["0", "0", "0", "0", "0", "0", "0", "0"]}, "commit"=>"Save changes", "authenticity_token"=>"dDCIyOmNug4jznJlCcxpKfJQs8b8mGOtptq0p44Vjbk="}
Rendering template within layouts/application
Rendering start/index
Completed in 8ms (View: 6, DB: 0) | 200 OK [http://localhost/]


Processing StartController#index (for 127.0.0.1 at 2009-06-09 11:42:02) [GET]
Rendering template within layouts/application
Rendering start/index
Completed in 10ms (View: 8, DB: 0) | 200 OK [http://localhost/]


Processing StartController#index (for 127.0.0.1 at 2009-06-09 11:42:05) [GET]
Rendering template within layouts/application
Rendering start/index
Completed in 8ms (View: 6, DB: 0) | 200 OK [http://localhost/]


Processing StartController#index (for 127.0.0.1 at 2009-06-09 11:42:05) [GET]
Rendering template within layouts/application
Rendering start/index
Completed in 9ms (View: 7, DB: 0) | 200 OK [http://localhost/]


Processing StartController#index (for 127.0.0.1 at 2009-06-09 11:43:10) [GET]
Rendering template within layouts/application
Rendering start/index
Completed in 12ms (View: 10, DB: 0) | 200 OK [http://localhost/]


Processing StartController#index (for 127.0.0.1 at 2009-06-09 11:43:11) [GET]
Rendering template within layouts/application
Rendering start/index
Completed in 77ms (View: 75, DB: 0) | 200 OK [http://localhost/]


Processing StartController#index (for 127.0.0.1 at 2009-06-09 11:47:45) [GET]
Rendering template within layouts/application
Rendering start/index
Completed in 16ms (View: 14, DB: 0) | 200 OK [http://localhost/]


Processing StartController#index (for 127.0.0.1 at 2009-06-09 11:47:46) [GET]
Rendering template within layouts/application
Rendering start/index
Completed in 9ms (View: 7, DB: 0) | 200 OK [http://localhost/]


Processing StartController#index (for 127.0.0.1 at 2009-06-09 11:48:02) [GET]
Rendering template within layouts/application
Rendering start/index
Completed in 8ms (View: 6, DB: 0) | 200 OK [http://localhost/]


Processing StartController#index (for 127.0.0.1 at 2009-06-09 11:48:02) [GET]
Rendering template within layouts/application
Rendering start/index
Completed in 10ms (View: 8, DB: 0) | 200 OK [http://localhost/]


Processing StartController#index (for 127.0.0.1 at 2009-06-09 11:48:26) [GET]
Rendering template within layouts/application
Rendering start/index
Completed in 85ms (View: 83, DB: 0) | 200 OK [http://localhost/]


Processing StartController#index (for 127.0.0.1 at 2009-06-09 11:48:27) [GET]
Rendering template within layouts/application
Rendering start/index
Completed in 11ms (View: 8, DB: 0) | 200 OK [http://localhost/]


Processing StartController#index (for 127.0.0.1 at 2009-06-09 11:49:02) [GET]
Rendering template within layouts/application
Rendering start/index
Completed in 12ms (View: 10, DB: 0) | 200 OK [http://localhost/]


Processing StartController#index (for 127.0.0.1 at 2009-06-09 11:49:02) [GET]
Rendering template within layouts/application
Rendering start/index
Completed in 9ms (View: 7, DB: 0) | 200 OK [http://localhost/]


Processing StartController#index (for 127.0.0.1 at 2009-06-09 11:49:13) [GET]
Rendering template within layouts/application
Rendering start/index
Completed in 13ms (View: 11, DB: 0) | 200 OK [http://localhost/]


Processing StartController#index (for 127.0.0.1 at 2009-06-09 11:49:13) [GET]
Rendering template within layouts/application
Rendering start/index
Completed in 8ms (View: 6, DB: 0) | 200 OK [http://localhost/]


Processing StartController#index (for 127.0.0.1 at 2009-06-09 11:50:19) [GET]
Rendering template within layouts/application
Rendering start/index
Completed in 9ms (View: 8, DB: 0) | 200 OK [http://localhost/]


Processing StartController#index (for 127.0.0.1 at 2009-06-09 11:50:20) [GET]
Rendering template within layouts/application
Rendering start/index
Completed in 9ms (View: 7, DB: 0) | 200 OK [http://localhost/]


Processing StartController#index (for 127.0.0.1 at 2009-06-09 11:50:21) [GET]
Rendering template within layouts/application
Rendering start/index
Completed in 8ms (View: 6, DB: 0) | 200 OK [http://localhost/]


Processing StartController#index (for 127.0.0.1 at 2009-06-09 11:50:21) [GET]
Rendering template within layouts/application
Rendering start/index
Completed in 77ms (View: 75, DB: 0) | 200 OK [http://localhost/]


Processing StartController#index (for 127.0.0.1 at 2009-06-09 11:50:45) [GET]
Rendering template within layouts/application
Rendering start/index
Completed in 8ms (View: 6, DB: 0) | 200 OK [http://localhost/]


Processing StartController#index (for 127.0.0.1 at 2009-06-09 11:50:46) [GET]
Rendering template within layouts/application
Rendering start/index
Completed in 9ms (View: 7, DB: 0) | 200 OK [http://localhost/]


Processing StartController#index (for 127.0.0.1 at 2009-06-09 11:50:51) [GET]
Rendering template within layouts/application
Rendering start/index
Completed in 8ms (View: 6, DB: 0) | 200 OK [http://localhost/]


Processing StartController#index (for 127.0.0.1 at 2009-06-09 11:50:52) [GET]
Rendering template within layouts/application
Rendering start/index
Completed in 9ms (View: 7, DB: 0) | 200 OK [http://localhost/]


Processing StartController#index (for 127.0.0.1 at 2009-06-09 11:52:24) [GET]
Rendering template within layouts/application
Rendering start/index
Completed in 8ms (View: 6, DB: 0) | 200 OK [http://localhost/]


Processing StartController#index (for 127.0.0.1 at 2009-06-09 11:52:24) [GET]
Rendering template within layouts/application
Rendering start/index
Completed in 10ms (View: 9, DB: 0) | 200 OK [http://localhost/]


Processing StartController#index (for 127.0.0.1 at 2009-06-09 11:52:29) [POST]
  Parameters: {"matrix"=>{"6"=>["0", "0", "0", "0", "0", "0", "0", "0"], "7"=>["0", "0", "0", "0", "0", "0", "0", "0"], "0"=>["0", "0", "0", "0", "0", "0", "1", "1"], "1"=>["0", "0", "0", "0", "0", "0", "1", "1"], "2"=>["0", "0", "0", "0", "0", "0", "0", "0"], "3"=>["0", "0", "0", "0", "0", "0", "0", "0"], "4"=>["0", "0", "0", "0", "0", "0", "0", "0"], "5"=>["0", "0", "0", "0", "0", "0", "0", "0"]}, "commit"=>"Save changes", "authenticity_token"=>"dDCIyOmNug4jznJlCcxpKfJQs8b8mGOtptq0p44Vjbk="}
Rendering template within layouts/application
Rendering start/index
Completed in 13ms (View: 11, DB: 0) | 200 OK [http://localhost/]


Processing StartController#index (for 127.0.0.1 at 2009-06-09 11:52:29) [GET]
Rendering template within layouts/application
Rendering start/index
Completed in 9ms (View: 7, DB: 0) | 200 OK [http://localhost/]


Processing StartController#index (for 127.0.0.1 at 2009-06-09 11:52:46) [POST]
  Parameters: {"matrix"=>{"6"=>["0", "0", "0", "0", "0", "0", "0", "0"], "7"=>["0", "0", "0", "0", "0", "0", "0", "0"], "0"=>["0", "0", "0", "0", "0", "0", "1", "1"], "1"=>["0", "0", "0", "0", "0", "0", "1", "1"], "2"=>["0", "0", "0", "0", "0", "0", "0", "0"], "3"=>["0", "0", "0", "0", "0", "0", "0", "0"], "4"=>["0", "0", "0", "0", "0", "0", "0", "0"], "5"=>["0", "0", "0", "0", "0", "0", "0", "0"]}, "commit"=>"Save changes", "authenticity_token"=>"dDCIyOmNug4jznJlCcxpKfJQs8b8mGOtptq0p44Vjbk="}
Rendering template within layouts/application
Rendering start/index

***** Debugger requested, but was not available: Start server with --debugger to enable *****

***** Debugger requested, but was not available: Start server with --debugger to enable *****

***** Debugger requested, but was not available: Start server with --debugger to enable *****

***** Debugger requested, but was not available: Start server with --debugger to enable *****

***** Debugger requested, but was not available: Start server with --debugger to enable *****

***** Debugger requested, but was not available: Start server with --debugger to enable *****

***** Debugger requested, but was not available: Start server with --debugger to enable *****

***** Debugger requested, but was not available: Start server with --debugger to enable *****

***** Debugger requested, but was not available: Start server with --debugger to enable *****

***** Debugger requested, but was not available: Start server with --debugger to enable *****

***** Debugger requested, but was not available: Start server with --debugger to enable *****

***** Debugger requested, but was not available: Start server with --debugger to enable *****

***** Debugger requested, but was not available: Start server with --debugger to enable *****

***** Debugger requested, but was not available: Start server with --debugger to enable *****

***** Debugger requested, but was not available: Start server with --debugger to enable *****

***** Debugger requested, but was not available: Start server with --debugger to enable *****

***** Debugger requested, but was not available: Start server with --debugger to enable *****

***** Debugger requested, but was not available: Start server with --debugger to enable *****

***** Debugger requested, but was not available: Start server with --debugger to enable *****

***** Debugger requested, but was not available: Start server with --debugger to enable *****

***** Debugger requested, but was not available: Start server with --debugger to enable *****

***** Debugger requested, but was not available: Start server with --debugger to enable *****

***** Debugger requested, but was not available: Start server with --debugger to enable *****

***** Debugger requested, but was not available: Start server with --debugger to enable *****

***** Debugger requested, but was not available: Start server with --debugger to enable *****

***** Debugger requested, but was not available: Start server with --debugger to enable *****

***** Debugger requested, but was not available: Start server with --debugger to enable *****

***** Debugger requested, but was not available: Start server with --debugger to enable *****

***** Debugger requested, but was not available: Start server with --debugger to enable *****

***** Debugger requested, but was not available: Start server with --debugger to enable *****

***** Debugger requested, but was not available: Start server with --debugger to enable *****

***** Debugger requested, but was not available: Start server with --debugger to enable *****

***** Debugger requested, but was not available: Start server with --debugger to enable *****

***** Debugger requested, but was not available: Start server with --debugger to enable *****

***** Debugger requested, but was not available: Start server with --debugger to enable *****

***** Debugger requested, but was not available: Start server with --debugger to enable *****

***** Debugger requested, but was not available: Start server with --debugger to enable *****

***** Debugger requested, but was not available: Start server with --debugger to enable *****

***** Debugger requested, but was not available: Start server with --debugger to enable *****

***** Debugger requested, but was not available: Start server with --debugger to enable *****

***** Debugger requested, but was not available: Start server with --debugger to enable *****

***** Debugger requested, but was not available: Start server with --debugger to enable *****

***** Debugger requested, but was not available: Start server with --debugger to enable *****

***** Debugger requested, but was not available: Start server with --debugger to enable *****

***** Debugger requested, but was not available: Start server with --debugger to enable *****

***** Debugger requested, but was not available: Start server with --debugger to enable *****

***** Debugger requested, but was not available: Start server with --debugger to enable *****

***** Debugger requested, but was not available: Start server with --debugger to enable *****

***** Debugger requested, but was not available: Start server with --debugger to enable *****

***** Debugger requested, but was not available: Start server with --debugger to enable *****

***** Debugger requested, but was not available: Start server with --debugger to enable *****

***** Debugger requested, but was not available: Start server with --debugger to enable *****

***** Debugger requested, but was not available: Start server with --debugger to enable *****

***** Debugger requested, but was not available: Start server with --debugger to enable *****

***** Debugger requested, but was not available: Start server with --debugger to enable *****

***** Debugger requested, but was not available: Start server with --debugger to enable *****

***** Debugger requested, but was not available: Start server with --debugger to enable *****

***** Debugger requested, but was not available: Start server with --debugger to enable *****

***** Debugger requested, but was not available: Start server with --debugger to enable *****

***** Debugger requested, but was not available: Start server with --debugger to enable *****

***** Debugger requested, but was not available: Start server with --debugger to enable *****

***** Debugger requested, but was not available: Start server with --debugger to enable *****

***** Debugger requested, but was not available: Start server with --debugger to enable *****

***** Debugger requested, but was not available: Start server with --debugger to enable *****
Completed in 11ms (View: 9, DB: 0) | 200 OK [http://localhost/]


Processing StartController#index (for 127.0.0.1 at 2009-06-09 11:52:46) [GET]
Rendering template within layouts/application
Rendering start/index

***** Debugger requested, but was not available: Start server with --debugger to enable *****

***** Debugger requested, but was not available: Start server with --debugger to enable *****

***** Debugger requested, but was not available: Start server with --debugger to enable *****

***** Debugger requested, but was not available: Start server with --debugger to enable *****

***** Debugger requested, but was not available: Start server with --debugger to enable *****

***** Debugger requested, but was not available: Start server with --debugger to enable *****

***** Debugger requested, but was not available: Start server with --debugger to enable *****

***** Debugger requested, but was not available: Start server with --debugger to enable *****

***** Debugger requested, but was not available: Start server with --debugger to enable *****

***** Debugger requested, but was not available: Start server with --debugger to enable *****

***** Debugger requested, but was not available: Start server with --debugger to enable *****

***** Debugger requested, but was not available: Start server with --debugger to enable *****

***** Debugger requested, but was not available: Start server with --debugger to enable *****

***** Debugger requested, but was not available: Start server with --debugger to enable *****

***** Debugger requested, but was not available: Start server with --debugger to enable *****

***** Debugger requested, but was not available: Start server with --debugger to enable *****

***** Debugger requested, but was not available: Start server with --debugger to enable *****

***** Debugger requested, but was not available: Start server with --debugger to enable *****

***** Debugger requested, but was not available: Start server with --debugger to enable *****

***** Debugger requested, but was not available: Start server with --debugger to enable *****

***** Debugger requested, but was not available: Start server with --debugger to enable *****

***** Debugger requested, but was not available: Start server with --debugger to enable *****

***** Debugger requested, but was not available: Start server with --debugger to enable *****

***** Debugger requested, but was not available: Start server with --debugger to enable *****

***** Debugger requested, but was not available: Start server with --debugger to enable *****

***** Debugger requested, but was not available: Start server with --debugger to enable *****

***** Debugger requested, but was not available: Start server with --debugger to enable *****

***** Debugger requested, but was not available: Start server with --debugger to enable *****

***** Debugger requested, but was not available: Start server with --debugger to enable *****

***** Debugger requested, but was not available: Start server with --debugger to enable *****

***** Debugger requested, but was not available: Start server with --debugger to enable *****

***** Debugger requested, but was not available: Start server with --debugger to enable *****

***** Debugger requested, but was not available: Start server with --debugger to enable *****

***** Debugger requested, but was not available: Start server with --debugger to enable *****

***** Debugger requested, but was not available: Start server with --debugger to enable *****

***** Debugger requested, but was not available: Start server with --debugger to enable *****

***** Debugger requested, but was not available: Start server with --debugger to enable *****

***** Debugger requested, but was not available: Start server with --debugger to enable *****

***** Debugger requested, but was not available: Start server with --debugger to enable *****

***** Debugger requested, but was not available: Start server with --debugger to enable *****

***** Debugger requested, but was not available: Start server with --debugger to enable *****

***** Debugger requested, but was not available: Start server with --debugger to enable *****

***** Debugger requested, but was not available: Start server with --debugger to enable *****

***** Debugger requested, but was not available: Start server with --debugger to enable *****

***** Debugger requested, but was not available: Start server with --debugger to enable *****

***** Debugger requested, but was not available: Start server with --debugger to enable *****

***** Debugger requested, but was not available: Start server with --debugger to enable *****

***** Debugger requested, but was not available: Start server with --debugger to enable *****

***** Debugger requested, but was not available: Start server with --debugger to enable *****

***** Debugger requested, but was not available: Start server with --debugger to enable *****

***** Debugger requested, but was not available: Start server with --debugger to enable *****

***** Debugger requested, but was not available: Start server with --debugger to enable *****

***** Debugger requested, but was not available: Start server with --debugger to enable *****

***** Debugger requested, but was not available: Start server with --debugger to enable *****

***** Debugger requested, but was not available: Start server with --debugger to enable *****

***** Debugger requested, but was not available: Start server with --debugger to enable *****

***** Debugger requested, but was not available: Start server with --debugger to enable *****

***** Debugger requested, but was not available: Start server with --debugger to enable *****

***** Debugger requested, but was not available: Start server with --debugger to enable *****

***** Debugger requested, but was not available: Start server with --debugger to enable *****

***** Debugger requested, but was not available: Start server with --debugger to enable *****

***** Debugger requested, but was not available: Start server with --debugger to enable *****

***** Debugger requested, but was not available: Start server with --debugger to enable *****

***** Debugger requested, but was not available: Start server with --debugger to enable *****
Completed in 85ms (View: 84, DB: 0) | 200 OK [http://localhost/]


Processing StartController#index (for 127.0.0.1 at 2009-06-09 11:53:20) [POST]
  Parameters: {"matrix"=>{"6"=>["0", "0", "0", "0", "0", "0", "0", "0"], "7"=>["0", "0", "0", "0", "0", "0", "0", "0"], "0"=>["0", "0", "0", "0", "0", "0", "1", "1"], "1"=>["0", "0", "0", "0", "0", "0", "1", "1"], "2"=>["0", "0", "0", "0", "0", "0", "0", "0"], "3"=>["0", "0", "0", "0", "0", "0", "0", "0"], "4"=>["0", "0", "0", "0", "0", "0", "0", "0"], "5"=>["0", "0", "0", "0", "0", "0", "0", "0"]}, "commit"=>"Save changes", "authenticity_token"=>"dDCIyOmNug4jznJlCcxpKfJQs8b8mGOtptq0p44Vjbk="}
Rendering template within layouts/application
Rendering start/index


Processing StartController#index (for 127.0.0.1 at 2009-06-09 11:54:09) [GET]
Rendering template within layouts/application
Rendering start/index
Completed in 18ms (View: 16, DB: 0) | 200 OK [http://localhost/]


Processing StartController#index (for 127.0.0.1 at 2009-06-09 11:54:09) [GET]
Rendering template within layouts/application
Rendering start/index
Completed in 8ms (View: 7, DB: 0) | 200 OK [http://localhost/]


Processing StartController#index (for 127.0.0.1 at 2009-06-09 11:54:12) [POST]
  Parameters: {"matrix"=>{"6"=>["0", "0", "0", "0", "0", "0", "0", "0"], "7"=>["0", "0", "0", "0", "0", "0", "0", "0"], "0"=>["0", "0", "0", "0", "0", "0", "1", "1"], "1"=>["0", "0", "0", "0", "0", "0", "0", "0"], "2"=>["0", "0", "0", "0", "0", "0", "0", "0"], "3"=>["0", "0", "0", "0", "0", "0", "0", "0"], "4"=>["0", "0", "0", "0", "0", "0", "0", "0"], "5"=>["0", "0", "0", "0", "0", "0", "0", "0"]}, "commit"=>"Save changes", "authenticity_token"=>"dDCIyOmNug4jznJlCcxpKfJQs8b8mGOtptq0p44Vjbk="}
Rendering template within layouts/application
Rendering start/index
Completed in 8ms (View: 6, DB: 0) | 200 OK [http://localhost/]


Processing StartController#index (for 127.0.0.1 at 2009-06-09 11:54:13) [GET]
Rendering template within layouts/application
Rendering start/index
Completed in 13ms (View: 11, DB: 0) | 200 OK [http://localhost/]


Processing StartController#index (for 127.0.0.1 at 2009-06-09 11:54:19) [POST]
  Parameters: {"matrix"=>{"6"=>["0", "0", "0", "0", "0", "0", "0", "0"], "7"=>["0", "0", "0", "0", "0", "0", "0", "0"], "0"=>["0", "0", "0", "0", "0", "0", "1", "1"], "1"=>["0", "0", "0", "0", "0", "0", "1", "1"], "2"=>["0", "0", "0", "0", "0", "0", "0", "0"], "3"=>["0", "0", "0", "0", "0", "0", "0", "0"], "4"=>["0", "0", "0", "0", "0", "0", "0", "0"], "5"=>["0", "0", "0", "0", "0", "0", "0", "0"]}, "commit"=>"Save changes", "authenticity_token"=>"dDCIyOmNug4jznJlCcxpKfJQs8b8mGOtptq0p44Vjbk="}
Rendering template within layouts/application
Rendering start/index
Completed in 8ms (View: 6, DB: 0) | 200 OK [http://localhost/]


Processing StartController#index (for 127.0.0.1 at 2009-06-09 11:54:20) [GET]
Rendering template within layouts/application
Rendering start/index
Completed in 9ms (View: 7, DB: 0) | 200 OK [http://localhost/]


Processing StartController#index (for 127.0.0.1 at 2009-06-09 11:54:27) [POST]
  Parameters: {"matrix"=>{"6"=>["0", "0", "0", "0", "0", "0", "0", "0"], "7"=>["0", "0", "0", "0", "0", "0", "0", "0"], "0"=>["0", "1", "0", "0", "0", "0", "1", "1"], "1"=>["0", "1", "0", "0", "0", "0", "1", "1"], "2"=>["0", "0", "0", "0", "0", "0", "0", "0"], "3"=>["0", "0", "0", "0", "0", "0", "0", "0"], "4"=>["0", "0", "0", "0", "0", "0", "0", "0"], "5"=>["0", "0", "0", "0", "0", "0", "0", "0"]}, "commit"=>"Save changes", "authenticity_token"=>"dDCIyOmNug4jznJlCcxpKfJQs8b8mGOtptq0p44Vjbk="}
Rendering template within layouts/application
Rendering start/index
Completed in 8ms (View: 6, DB: 0) | 200 OK [http://localhost/]


Processing StartController#index (for 127.0.0.1 at 2009-06-09 11:54:27) [GET]
Rendering template within layouts/application
Rendering start/index
Completed in 8ms (View: 7, DB: 0) | 200 OK [http://localhost/]
